time="05/14 08:02:21" level=debug msg="start log"
time="05/14 08:02:21" level=error msg="error create event"
time="05/14 08:02:21" level=error msg="error create event"
time="05/14 08:02:21" level=error msg="error update event"
time="05/14 08:02:21" level=error msg="error update event"
time="05/14 08:02:44" level=debug msg="start log"
time="05/14 08:02:44" level=error msg="error create event"
time="05/14 08:02:44" level=error msg="error create event"
time="05/14 08:02:44" level=error msg="error update event"
time="05/14 08:02:44" level=error msg="error update event"
time="05/14 08:20:14" level=debug msg="start log"
time="05/14 08:20:14" level=error msg="error create event"
time="05/14 08:20:14" level=error msg="error create event"
time="05/14 08:20:14" level=error msg="error update event"
time="05/14 08:20:14" level=error msg="error update event"
time="05/14 08:20:49" level=debug msg="start log"
time="05/14 08:20:49" level=error msg="error create event"
time="05/14 08:20:49" level=error msg="error create event"
time="05/14 08:20:49" level=error msg="error update event"
time="05/14 08:20:49" level=error msg="error update event"
time="05/14 08:23:33" level=debug msg="start log"
time="05/14 08:23:34" level=error msg="error update event"
time="05/14 08:23:34" level=error msg="error update event"
time="05/14 08:39:48" level=debug msg="start log"
time="05/14 08:39:48" level=error msg="error create event"
time="05/14 08:39:48" level=error msg="error update event"
time="05/14 08:39:48" level=error msg="error update event"
time="05/14 08:39:48" level=error msg="error GetEvents"
time="05/14 08:40:20" level=debug msg="start log"
time="05/14 08:41:45" level=error msg="error create event"
time="05/14 08:42:24" level=error msg="error update event"
time="05/14 08:42:29" level=error msg="error update event"
time="05/14 08:42:54" level=error msg="error GetEvents"
time="05/14 08:43:29" level=debug msg="start log"
time="05/14 08:43:29" level=error msg="error create event"
time="05/14 08:43:29" level=error msg="error update event"
time="05/14 08:43:29" level=error msg="error update event"
time="05/14 08:43:29" level=error msg="error GetEvents"
time="05/14 08:43:48" level=debug msg="start log"
time="05/14 08:43:48" level=error msg="error create event"
time="05/14 08:43:48" level=error msg="error create event"
time="05/14 08:43:48" level=error msg="error update event"
time="05/14 08:43:48" level=error msg="error update event"
time="05/14 08:43:48" level=error msg="error delete event"
time="05/14 08:43:48" level=error msg="error delete event"
time="05/14 08:43:48" level=error msg="error GetEvents"
time="05/14 08:45:10" level=debug msg="start log"
time="05/14 08:45:10" level=error msg="error create event"
time="05/14 08:45:10" level=error msg="error create event"
time="05/14 08:45:10" level=error msg="error update event"
time="05/14 08:45:10" level=error msg="error update event"
time="05/14 08:45:10" level=error msg="error delete event"
time="05/14 08:45:10" level=error msg="error delete event"
time="05/14 08:45:10" level=error msg="error GetEvents"
time="05/14 08:45:53" level=debug msg="start log"
time="05/14 08:46:16" level=error msg="error create event"
time="05/14 08:46:17" level=error msg="error create event"
time="05/14 08:46:17" level=error msg="error update event"
time="05/14 08:46:18" level=error msg="error update event"
time="05/14 08:46:18" level=error msg="error delete event"
time="05/14 08:46:21" level=error msg="error delete event"
time="05/14 08:47:14" level=debug msg="start log"
time="05/14 08:47:19" level=error msg="error create event"
time="05/14 08:47:20" level=error msg="error create event"
time="05/14 08:47:20" level=error msg="error update event"
time="05/14 08:47:21" level=error msg="error update event"
time="05/14 08:47:21" level=error msg="error delete event"
time="05/14 08:47:22" level=error msg="error delete event"
time="05/14 08:48:16" level=debug msg="start log"
time="05/14 08:48:21" level=error msg="error update event"
time="05/14 08:48:22" level=error msg="error update event"
time="05/14 08:48:57" level=debug msg="start log"
time="05/14 08:48:57" level=error msg="error create event"
time="05/14 08:48:57" level=error msg="error update event"
time="05/14 08:48:57" level=error msg="error update event"
time="05/14 18:50:29" level=debug msg="start log"
time="05/14 18:50:29" level=error msg="error create event"
time="05/14 18:50:29" level=error msg="error update event"
time="05/14 18:50:29" level=error msg="error update event"
time="05/14 18:52:45" level=debug msg="start log"
time="05/14 18:52:45" level=error msg="error update event"
time="05/14 18:52:45" level=error msg="error update event"
time="05/14 19:02:44" level=debug msg="start log"
time="05/14 19:06:12" level=debug msg="start log"
time="05/14 19:06:12" level=error msg="error create event"
time="05/14 19:06:12" level=error msg="error create event"
time="05/14 19:06:55" level=debug msg="start log"
time="05/14 19:06:55" level=error msg="error create event"
time="05/14 19:06:55" level=error msg="error create event"
